2023.09.12 23:35:11 INFO  Started: Metals version 1.0.1 in folders '/Users/ramytanios/repos/fs2-live-server' for client Neovim 0.9.2.[0m
Sept 12, 2023 11:35:11 PM org.flywaydb.core.internal.license.VersionPrinter printVersionOnly
INFO: Flyway Community Edition 9.21.2 by Redgate
Sept 12, 2023 11:35:11 PM org.flywaydb.core.internal.license.VersionPrinter printVersion
INFO: See release notes here: https://rd.gt/416ObMi
Sept 12, 2023 11:35:11 PM org.flywaydb.core.internal.license.VersionPrinter printVersion
INFO: 
Sept 12, 2023 11:35:11 PM org.flywaydb.core.FlywayExecutor execute
INFO: Database: jdbc:h2:file:/Users/ramytanios/repos/fs2-live-server/.metals/metals (H2 2.1)
Sept 12, 2023 11:35:11 PM org.flywaydb.core.internal.schemahistory.JdbcTableSchemaHistory allAppliedMigrations
INFO: Schema history table "PUBLIC"."flyway_schema_history" does not exist yet
Sept 12, 2023 11:35:11 PM org.flywaydb.core.internal.command.DbValidate validate
INFO: Successfully validated 4 migrations (execution time 00:00.005s)
Sept 12, 2023 11:35:11 PM org.flywaydb.core.internal.schemahistory.JdbcTableSchemaHistory create
INFO: Creating Schema History table "PUBLIC"."flyway_schema_history" ...
Sept 12, 2023 11:35:11 PM org.flywaydb.core.internal.command.DbMigrate migrateGroup
INFO: Current version of schema "PUBLIC": << Empty Schema >>
Sept 12, 2023 11:35:11 PM org.flywaydb.core.internal.command.DbMigrate doMigrateGroup
INFO: Migrating schema "PUBLIC" to version "1 - Create tables"
Sept 12, 2023 11:35:11 PM org.flywaydb.core.internal.command.DbMigrate doMigrateGroup
INFO: Migrating schema "PUBLIC" to version "2 - Server discovery"
Sept 12, 2023 11:35:11 PM org.flywaydb.core.internal.command.DbMigrate doMigrateGroup
INFO: Migrating schema "PUBLIC" to version "3 - Jar symbols"
Sept 12, 2023 11:35:11 PM org.flywaydb.core.internal.command.DbMigrate doMigrateGroup
INFO: Migrating schema "PUBLIC" to version "4 - Fingerprints"
Sept 12, 2023 11:35:11 PM org.flywaydb.core.internal.command.DbMigrate logSummary
INFO: Successfully applied 4 migrations to schema "PUBLIC", now at version v4 (execution time 00:00.006s)
2023.09.12 23:35:11 INFO  time: initialize in 0.3s[0m
2023.09.12 23:35:13 INFO  no build target found for /Users/ramytanios/repos/fs2-live-server/live-server.scala. Using presentation compiler with project's scala-library version: 3.3.0[0m
2023.09.12 23:35:21 INFO  Running List(/Users/ramytanios/.local/share/coursier/bin/scala-cli, setup-ide, /Users/ramytanios/repos/fs2-live-server)[0m
2023.09.12 23:35:21 INFO  Attempting to connect to the build server...[0m
2023.09.12 23:35:21 INFO  Running BSP server List(/Users/ramytanios/.local/share/coursier/bin/.scala-cli.aux, bsp, --json-options, /Users/ramytanios/repos/fs2-live-server/.scala-build/ide-options-v2.json, /Users/ramytanios/repos/fs2-live-server)[0m
2023.09.12 23:35:21 INFO  Attempting to connect to the build server...[0m
2023.09.12 23:35:21 INFO  Running BSP server List(/Users/ramytanios/.local/share/coursier/bin/.scala-cli.aux, bsp, --json-options, /Users/ramytanios/repos/fs2-live-server/.scala-build/ide-options-v2.json, /Users/ramytanios/repos/fs2-live-server)[0m
2023.09.12 23:35:21 INFO  tracing is disabled for protocol BSP, to enable tracing of incoming and outgoing JSON messages create an empty file at /Users/ramytanios/repos/fs2-live-server/.metals/bsp.trace.json or /Users/ramytanios/Library/Caches/org.scalameta.metals/bsp.trace.json[0m
2023.09.12 23:35:21 INFO  tracing is disabled for protocol BSP, to enable tracing of incoming and outgoing JSON messages create an empty file at /Users/ramytanios/repos/fs2-live-server/.metals/bsp.trace.json or /Users/ramytanios/Library/Caches/org.scalameta.metals/bsp.trace.json[0m
2023.09.12 23:35:21 INFO  BSP server: Starting compilation server[0m
2023.09.12 23:35:21 INFO  BSP server: Starting compilation server[0m
2023.09.12 23:35:21 INFO  BSP server: Downloading https://repo1.maven.org/maven2/io/github/alexarchambault/bleep/bloop-frontend_2.12/1.5.9-sc-1/bloop-frontend_2.12-1.5.9-sc-1.pom[0m
2023.09.12 23:35:21 INFO  BSP server: Downloading https://repo1.maven.org/maven2/io/github/alexarchambault/bleep/bloop-frontend_2.12/1.5.9-sc-1/bloop-frontend_2.12-1.5.9-sc-1.pom[0m
2023.09.12 23:35:21 INFO  BSP server: Downloaded https://repo1.maven.org/maven2/io/github/alexarchambault/bleep/bloop-frontend_2.12/1.5.9-sc-1/bloop-frontend_2.12-1.5.9-sc-1.pom[0m
2023.09.12 23:35:21 INFO  BSP server: Downloading https://repo1.maven.org/maven2/io/github/alexarchambault/bleep/bloop-backend_2.12/1.5.9-sc-1/bloop-backend_2.12-1.5.9-sc-1.pom[0m
2023.09.12 23:35:21 INFO  BSP server: Downloading https://repo1.maven.org/maven2/ch/qos/logback/logback-classic/1.4.6/logback-classic-1.4.6.pom[0m
2023.09.12 23:35:21 INFO  BSP server: Downloading https://repo1.maven.org/maven2/io/github/alexarchambault/libdaemon/libdaemon_2.12/0.0.11/libdaemon_2.12-0.0.11.pom[0m
2023.09.12 23:35:21 INFO  BSP server: (watching) Downloaded https://repo1.maven.org/maven2/io/github/alexarchambault/bleep/bloop-frontend_2.12/1.5.9-sc-1/bloop-frontend_2.12-1.5.9-sc-1.pom[0m
2023.09.12 23:35:21 INFO  BSP server: Downloaded https://repo1.maven.org/maven2/io/github/alexarchambault/bleep/bloop-backend_2.12/1.5.9-sc-1/bloop-backend_2.12-1.5.9-sc-1.pom[0m
2023.09.12 23:35:21 INFO  BSP server: Downloading https://repo1.maven.org/maven2/ch/qos/logback/logback-classic/1.4.6/logback-classic-1.4.6.pom[0m
2023.09.12 23:35:21 INFO  BSP server: Downloading https://repo1.maven.org/maven2/io/github/alexarchambault/libdaemon/libdaemon_2.12/0.0.11/libdaemon_2.12-0.0.11.pom[0m
2023.09.12 23:35:21 INFO  BSP server: Downloaded https://repo1.maven.org/maven2/io/github/alexarchambault/libdaemon/libdaemon_2.12/0.0.11/libdaemon_2.12-0.0.11.pom[0m
2023.09.12 23:35:21 INFO  BSP server: Downloaded https://repo1.maven.org/maven2/ch/qos/logback/logback-classic/1.4.6/logback-classic-1.4.6.pom[0m
2023.09.12 23:35:21 INFO  BSP server: Downloading https://repo1.maven.org/maven2/ch/qos/logback/logback-parent/1.4.6/logback-parent-1.4.6.pom[0m
2023.09.12 23:35:21 INFO  BSP server: (watching) Downloaded https://repo1.maven.org/maven2/io/github/alexarchambault/libdaemon/libdaemon_2.12/0.0.11/libdaemon_2.12-0.0.11.pom[0m
2023.09.12 23:35:21 INFO  BSP server: (watching) Downloaded https://repo1.maven.org/maven2/ch/qos/logback/logback-classic/1.4.6/logback-classic-1.4.6.pom[0m
2023.09.12 23:35:21 INFO  BSP server: Downloading https://repo1.maven.org/maven2/ch/qos/logback/logback-parent/1.4.6/logback-parent-1.4.6.pom[0m
2023.09.12 23:35:21 INFO  BSP server: Downloaded https://repo1.maven.org/maven2/ch/qos/logback/logback-parent/1.4.6/logback-parent-1.4.6.pom[0m
2023.09.12 23:35:21 INFO  BSP server: Downloading https://repo1.maven.org/maven2/io/github/alexarchambault/bleep/bloop-shared_2.12/1.5.9-sc-1/bloop-shared_2.12-1.5.9-sc-1.pom[0m
2023.09.12 23:35:21 INFO  BSP server: Downloading https://repo1.maven.org/maven2/org/slf4j/slf4j-api/2.0.4/slf4j-api-2.0.4.pom[0m
2023.09.12 23:35:21 INFO  BSP server: Downloading https://repo1.maven.org/maven2/io/github/alexarchambault/bleep/nailgun-server/1.0.7/nailgun-server-1.0.7.pom[0m
2023.09.12 23:35:21 INFO  BSP server: Downloading https://repo1.maven.org/maven2/ch/qos/logback/logback-core/1.4.6/logback-core-1.4.6.pom[0m
2023.09.12 23:35:21 INFO  BSP server: Downloading https://repo1.maven.org/maven2/org/scala-sbt/test-agent/1.8.3/test-agent-1.8.3.pom[0m
2023.09.12 23:35:21 INFO  BSP server: (watching) Downloaded https://repo1.maven.org/maven2/ch/qos/logback/logback-parent/1.4.6/logback-parent-1.4.6.pom[0m
2023.09.12 23:35:21 INFO  BSP server: Downloading https://repo1.maven.org/maven2/ch/qos/logback/logback-core/1.4.6/logback-core-1.4.6.pom[0m
2023.09.12 23:35:21 INFO  BSP server: Downloading https://repo1.maven.org/maven2/io/github/alexarchambault/bleep/bloop-shared_2.12/1.5.9-sc-1/bloop-shared_2.12-1.5.9-sc-1.pom[0m
2023.09.12 23:35:21 INFO  BSP server: Downloading https://repo1.maven.org/maven2/io/github/alexarchambault/bleep/nailgun-server/1.0.7/nailgun-server-1.0.7.pom[0m
2023.09.12 23:35:21 INFO  BSP server: Downloading https://repo1.maven.org/maven2/org/slf4j/slf4j-api/2.0.4/slf4j-api-2.0.4.pom[0m
2023.09.12 23:35:21 INFO  BSP server: Downloading https://repo1.maven.org/maven2/org/scala-sbt/test-agent/1.8.3/test-agent-1.8.3.pom[0m
2023.09.12 23:35:21 INFO  BSP server: Downloaded https://repo1.maven.org/maven2/org/slf4j/slf4j-api/2.0.4/slf4j-api-2.0.4.pom[0m
2023.09.12 23:35:21 INFO  BSP server: Downloaded https://repo1.maven.org/maven2/io/github/alexarchambault/bleep/nailgun-server/1.0.7/nailgun-server-1.0.7.pom[0m
2023.09.12 23:35:21 INFO  BSP server: Downloaded https://repo1.maven.org/maven2/io/github/alexarchambault/bleep/bloop-shared_2.12/1.5.9-sc-1/bloop-shared_2.12-1.5.9-sc-1.pom[0m
2023.09.12 23:35:21 INFO  BSP server: (watching) Downloaded https://repo1.maven.org/maven2/org/slf4j/slf4j-api/2.0.4/slf4j-api-2.0.4.pom[0m
2023.09.12 23:35:21 INFO  BSP server: Downloaded https://repo1.maven.org/maven2/ch/qos/logback/logback-core/1.4.6/logback-core-1.4.6.pom[0m
2023.09.12 23:35:21 INFO  BSP server: Downloaded https://repo1.maven.org/maven2/org/scala-sbt/test-agent/1.8.3/test-agent-1.8.3.pom[0m
2023.09.12 23:35:21 INFO  BSP server: Downloading https://repo1.maven.org/maven2/org/slf4j/slf4j-parent/2.0.4/slf4j-parent-2.0.4.pom[0m
2023.09.12 23:35:21 INFO  BSP server: (watching) Downloaded https://repo1.maven.org/maven2/ch/qos/logback/logback-core/1.4.6/logback-core-1.4.6.pom[0m
2023.09.12 23:35:21 INFO  BSP server: (watching) Downloaded https://repo1.maven.org/maven2/org/scala-sbt/test-agent/1.8.3/test-agent-1.8.3.pom[0m
2023.09.12 23:35:21 INFO  BSP server: (watching) Downloaded https://repo1.maven.org/maven2/io/github/alexarchambault/bleep/bloop-shared_2.12/1.5.9-sc-1/bloop-shared_2.12-1.5.9-sc-1.pom[0m
2023.09.12 23:35:21 INFO  BSP server: (watching) Downloaded https://repo1.maven.org/maven2/io/github/alexarchambault/bleep/nailgun-server/1.0.7/nailgun-server-1.0.7.pom[0m
2023.09.12 23:35:21 INFO  BSP server: Downloading https://repo1.maven.org/maven2/org/slf4j/slf4j-parent/2.0.4/slf4j-parent-2.0.4.pom[0m
2023.09.12 23:35:21 INFO  BSP server: Downloaded https://repo1.maven.org/maven2/org/slf4j/slf4j-parent/2.0.4/slf4j-parent-2.0.4.pom[0m
2023.09.12 23:35:21 INFO  BSP server: Downloading https://repo1.maven.org/maven2/org/scala-sbt/test-agent/1.9.2/test-agent-1.9.2.pom[0m
2023.09.12 23:35:21 INFO  BSP server: Downloading https://repo1.maven.org/maven2/net/java/dev/jna/jna-platform/4.4.0/jna-platform-4.4.0.pom[0m
2023.09.12 23:35:21 INFO  BSP server: Downloading https://repo1.maven.org/maven2/io/get-coursier/interface/1.0.13/interface-1.0.13.pom[0m
2023.09.12 23:35:21 INFO  BSP server: Downloading https://repo1.maven.org/maven2/net/java/dev/jna/jna/4.5.2/jna-4.5.2.pom[0m
2023.09.12 23:35:22 INFO  BSP server: (watching) Downloaded https://repo1.maven.org/maven2/org/slf4j/slf4j-parent/2.0.4/slf4j-parent-2.0.4.pom[0m
2023.09.12 23:35:22 INFO  BSP server: Downloading https://repo1.maven.org/maven2/io/get-coursier/interface/1.0.13/interface-1.0.13.pom[0m
2023.09.12 23:35:22 INFO  BSP server: Downloading https://repo1.maven.org/maven2/org/scala-sbt/test-agent/1.9.2/test-agent-1.9.2.pom[0m
2023.09.12 23:35:22 INFO  BSP server: Downloading https://repo1.maven.org/maven2/net/java/dev/jna/jna-platform/4.4.0/jna-platform-4.4.0.pom[0m
2023.09.12 23:35:22 INFO  BSP server: Downloading https://repo1.maven.org/maven2/net/java/dev/jna/jna/4.5.2/jna-4.5.2.pom[0m
2023.09.12 23:35:22 INFO  BSP server: Downloaded https://repo1.maven.org/maven2/net/java/dev/jna/jna/4.5.2/jna-4.5.2.pom[0m
2023.09.12 23:35:22 INFO  BSP server: Downloaded https://repo1.maven.org/maven2/net/java/dev/jna/jna-platform/4.4.0/jna-platform-4.4.0.pom[0m
2023.09.12 23:35:22 INFO  BSP server: Downloaded https://repo1.maven.org/maven2/io/get-coursier/interface/1.0.13/interface-1.0.13.pom[0m
2023.09.12 23:35:22 INFO  BSP server: Downloaded https://repo1.maven.org/maven2/net/java/dev/jna/jna-platform/4.4.0/jna-platform-4.4.0.pom[0m
2023.09.12 23:35:22 INFO  BSP server: Downloaded https://repo1.maven.org/maven2/net/java/dev/jna/jna/4.5.2/jna-4.5.2.pom[0m
2023.09.12 23:35:22 INFO  BSP server: Downloaded https://repo1.maven.org/maven2/org/scala-sbt/test-agent/1.9.2/test-agent-1.9.2.pom[0m
2023.09.12 23:35:22 INFO  BSP server: Downloading https://repo1.maven.org/maven2/org/slf4j/slf4j-api/2.0.6/slf4j-api-2.0.6.pom[0m
2023.09.12 23:35:22 INFO  BSP server: Downloading https://repo1.maven.org/maven2/org/scala-sbt/launcher-interface/1.0.0/launcher-interface-1.0.0.pom[0m
2023.09.12 23:35:22 INFO  BSP server: (watching) Downloaded https://repo1.maven.org/maven2/org/scala-sbt/test-agent/1.9.2/test-agent-1.9.2.pom[0m
2023.09.12 23:35:22 INFO  BSP server: (watching) Downloaded https://repo1.maven.org/maven2/io/get-coursier/interface/1.0.13/interface-1.0.13.pom[0m
2023.09.12 23:35:22 INFO  BSP server: Downloaded https://repo1.maven.org/maven2/org/slf4j/slf4j-api/2.0.6/slf4j-api-2.0.6.pom[0m
2023.09.12 23:35:22 INFO  BSP server: Downloaded https://repo1.maven.org/maven2/org/scala-sbt/launcher-interface/1.0.0/launcher-interface-1.0.0.pom[0m
2023.09.12 23:35:22 INFO  BSP server: Downloading https://repo1.maven.org/maven2/org/slf4j/slf4j-parent/2.0.6/slf4j-parent-2.0.6.pom[0m
2023.09.12 23:35:22 INFO  BSP server: Downloading https://repo1.maven.org/maven2/org/slf4j/slf4j-parent/2.0.6/slf4j-parent-2.0.6.pom[0m
2023.09.12 23:35:22 INFO  BSP server: Downloaded https://repo1.maven.org/maven2/org/slf4j/slf4j-parent/2.0.6/slf4j-parent-2.0.6.pom[0m
2023.09.12 23:35:22 INFO  BSP server: (watching) Downloaded https://repo1.maven.org/maven2/org/slf4j/slf4j-parent/2.0.6/slf4j-parent-2.0.6.pom[0m
2023.09.12 23:35:22 INFO  BSP server: Downloading https://repo1.maven.org/maven2/io/github/alexarchambault/bleep/bloop-frontend_2.12/1.5.9-sc-1/bloop-frontend_2.12-1.5.9-sc-1.jar[0m
2023.09.12 23:35:22 INFO  BSP server: Downloading https://repo1.maven.org/maven2/io/github/alexarchambault/bleep/nailgun-server/1.0.7/nailgun-server-1.0.7.jar[0m
2023.09.12 23:35:22 INFO  BSP server: Downloading https://repo1.maven.org/maven2/io/github/alexarchambault/libdaemon/libdaemon_2.12/0.0.11/libdaemon_2.12-0.0.11.jar[0m
2023.09.12 23:35:22 INFO  BSP server: Downloading https://repo1.maven.org/maven2/io/github/alexarchambault/bleep/bloop-shared_2.12/1.5.9-sc-1/bloop-shared_2.12-1.5.9-sc-1.jar[0m
2023.09.12 23:35:22 INFO  BSP server: Downloading https://repo1.maven.org/maven2/io/get-coursier/interface/1.0.13/interface-1.0.13.jar[0m
2023.09.12 23:35:22 INFO  BSP server: Downloading https://repo1.maven.org/maven2/ch/qos/logback/logback-classic/1.4.6/logback-classic-1.4.6.jar[0m
2023.09.12 23:35:22 INFO  BSP server: Downloading https://repo1.maven.org/maven2/io/get-coursier/interface/1.0.13/interface-1.0.13.jar[0m
2023.09.12 23:35:22 INFO  BSP server: Downloading https://repo1.maven.org/maven2/io/github/alexarchambault/bleep/nailgun-server/1.0.7/nailgun-server-1.0.7.jar[0m
2023.09.12 23:35:22 INFO  BSP server: Downloading https://repo1.maven.org/maven2/ch/qos/logback/logback-classic/1.4.6/logback-classic-1.4.6.jar[0m
2023.09.12 23:35:22 INFO  BSP server: Downloading https://repo1.maven.org/maven2/org/slf4j/slf4j-api/2.0.6/slf4j-api-2.0.6.jar[0m
2023.09.12 23:35:22 INFO  BSP server: Downloading https://repo1.maven.org/maven2/io/github/alexarchambault/libdaemon/libdaemon_2.12/0.0.11/libdaemon_2.12-0.0.11.jar[0m
2023.09.12 23:35:22 INFO  BSP server: Downloading https://repo1.maven.org/maven2/org/scala-sbt/test-agent/1.9.2/test-agent-1.9.2.jar[0m
2023.09.12 23:35:22 INFO  BSP server: Downloaded https://repo1.maven.org/maven2/org/scala-sbt/test-agent/1.9.2/test-agent-1.9.2.jar[0m
2023.09.12 23:35:22 INFO  BSP server: Downloading https://repo1.maven.org/maven2/io/github/alexarchambault/bleep/bloop-backend_2.12/1.5.9-sc-1/bloop-backend_2.12-1.5.9-sc-1.jar[0m
2023.09.12 23:35:25 INFO  BSP server: Downloaded https://repo1.maven.org/maven2/org/slf4j/slf4j-api/2.0.6/slf4j-api-2.0.6.jar[0m
2023.09.12 23:35:25 INFO  BSP server: Downloading https://repo1.maven.org/maven2/io/github/alexarchambault/bleep/bloop-frontend_2.12/1.5.9-sc-1/bloop-frontend_2.12-1.5.9-sc-1.jar[0m
2023.09.12 23:35:26 INFO  BSP server: Downloaded https://repo1.maven.org/maven2/io/github/alexarchambault/bleep/bloop-shared_2.12/1.5.9-sc-1/bloop-shared_2.12-1.5.9-sc-1.jar[0m
2023.09.12 23:35:26 INFO  BSP server: Downloading https://repo1.maven.org/maven2/io/github/alexarchambault/bleep/bloop-backend_2.12/1.5.9-sc-1/bloop-backend_2.12-1.5.9-sc-1.jar[0m
2023.09.12 23:35:26 INFO  BSP server: Downloaded https://repo1.maven.org/maven2/io/github/alexarchambault/bleep/nailgun-server/1.0.7/nailgun-server-1.0.7.jar[0m
2023.09.12 23:35:26 INFO  BSP server: Downloading https://repo1.maven.org/maven2/org/scala-sbt/test-agent/1.9.2/test-agent-1.9.2.jar[0m
2023.09.12 23:35:26 INFO  BSP server: Downloaded https://repo1.maven.org/maven2/org/scala-sbt/test-agent/1.9.2/test-agent-1.9.2.jar[0m
2023.09.12 23:35:26 INFO  BSP server: Downloading https://repo1.maven.org/maven2/ch/qos/logback/logback-core/1.4.6/logback-core-1.4.6.jar[0m
2023.09.12 23:35:26 INFO  BSP server: Downloaded https://repo1.maven.org/maven2/ch/qos/logback/logback-classic/1.4.6/logback-classic-1.4.6.jar[0m
2023.09.12 23:35:26 INFO  BSP server: (watching) Downloaded https://repo1.maven.org/maven2/ch/qos/logback/logback-classic/1.4.6/logback-classic-1.4.6.jar[0m
2023.09.12 23:35:26 INFO  BSP server: Downloading https://repo1.maven.org/maven2/io/github/alexarchambault/bleep/bloop-shared_2.12/1.5.9-sc-1/bloop-shared_2.12-1.5.9-sc-1.jar[0m
2023.09.12 23:35:26 INFO  BSP server: Downloaded https://repo1.maven.org/maven2/io/github/alexarchambault/bleep/bloop-shared_2.12/1.5.9-sc-1/bloop-shared_2.12-1.5.9-sc-1.jar[0m
2023.09.12 23:35:26 INFO  BSP server: Downloading https://repo1.maven.org/maven2/ch/qos/logback/logback-core/1.4.6/logback-core-1.4.6.jar[0m
2023.09.12 23:35:26 INFO  BSP server: (watching) Downloaded https://repo1.maven.org/maven2/io/github/alexarchambault/bleep/nailgun-server/1.0.7/nailgun-server-1.0.7.jar[0m
2023.09.12 23:35:28 INFO  BSP server: Downloaded https://repo1.maven.org/maven2/io/github/alexarchambault/libdaemon/libdaemon_2.12/0.0.11/libdaemon_2.12-0.0.11.jar[0m
2023.09.12 23:35:29 INFO  BSP server: (watching) Downloaded https://repo1.maven.org/maven2/io/github/alexarchambault/libdaemon/libdaemon_2.12/0.0.11/libdaemon_2.12-0.0.11.jar[0m
2023.09.12 23:35:34 INFO  BSP server: Still downloading:[0m
2023.09.12 23:35:34 INFO  BSP server: https://repo1.maven.org/maven2/ch/qos/logback/logback-core/1.4.6/logback-core-1.4.6.jar (77.33 %, 451136 / 583389)[0m
2023.09.12 23:35:34 INFO  BSP server: https://repo1.maven.org/maven2/io/github/alexarchambault/bleep/bloop-frontend_2.12/1.5.9-sc-1/bloop-frontend_2.12-1.5.9-sc-1.jar (23.71 %, 364224 / 1536412)[0m
2023.09.12 23:35:34 INFO  BSP server: https://repo1.maven.org/maven2/io/get-coursier/interface/1.0.13/interface-1.0.13.jar (4.09 %, 418548 / 10225728)[0m
2023.09.12 23:35:34 INFO  BSP server: https://repo1.maven.org/maven2/io/github/alexarchambault/bleep/bloop-backend_2.12/1.5.9-sc-1/bloop-backend_2.12-1.5.9-sc-1.jar (0.00 %, 0 / 665190)[0m
2023.09.12 23:35:34 INFO  BSP server: [0m
2023.09.12 23:35:35 INFO  BSP server: Still downloading:[0m
2023.09.12 23:35:35 INFO  BSP server: https://repo1.maven.org/maven2/io/github/alexarchambault/bleep/bloop-backend_2.12/1.5.9-sc-1/bloop-backend_2.12-1.5.9-sc-1.jar (49.18 %, 327111 / 665190)[0m
2023.09.12 23:35:35 INFO  BSP server: https://repo1.maven.org/maven2/io/get-coursier/interface/1.0.13/interface-1.0.13.jar (0.00 %, 0 / 10225728)[0m
2023.09.12 23:35:35 INFO  BSP server: https://repo1.maven.org/maven2/io/github/alexarchambault/bleep/bloop-frontend_2.12/1.5.9-sc-1/bloop-frontend_2.12-1.5.9-sc-1.jar (0.00 %, 0 / 1536412)[0m
2023.09.12 23:35:35 INFO  BSP server: https://repo1.maven.org/maven2/ch/qos/logback/logback-core/1.4.6/logback-core-1.4.6.jar (0.00 %, 0 / 583389)[0m
2023.09.12 23:35:35 INFO  BSP server: [0m
2023.09.12 23:35:37 INFO  BSP server: Downloaded https://repo1.maven.org/maven2/ch/qos/logback/logback-core/1.4.6/logback-core-1.4.6.jar[0m
2023.09.12 23:35:37 INFO  BSP server: (watching) Downloaded https://repo1.maven.org/maven2/ch/qos/logback/logback-core/1.4.6/logback-core-1.4.6.jar[0m
2023.09.12 23:35:41 ERROR Timeout waiting for 'build/initialize' response[0m
2023.09.12 23:35:41 ERROR Timeout waiting for 'build/initialize' response[0m
2023.09.12 23:35:41 WARN  Retrying connection to the build server scala-cli[0m
2023.09.12 23:35:41 WARN  Retrying connection to the build server scala-cli[0m
2023.09.12 23:35:41 INFO  Running BSP server List(/Users/ramytanios/.local/share/coursier/bin/.scala-cli.aux, bsp, --json-options, /Users/ramytanios/repos/fs2-live-server/.scala-build/ide-options-v2.json, /Users/ramytanios/repos/fs2-live-server)[0m
2023.09.12 23:35:41 INFO  Running BSP server List(/Users/ramytanios/.local/share/coursier/bin/.scala-cli.aux, bsp, --json-options, /Users/ramytanios/repos/fs2-live-server/.scala-build/ide-options-v2.json, /Users/ramytanios/repos/fs2-live-server)[0m
2023.09.12 23:35:41 INFO  tracing is disabled for protocol BSP, to enable tracing of incoming and outgoing JSON messages create an empty file at /Users/ramytanios/repos/fs2-live-server/.metals/bsp.trace.json or /Users/ramytanios/Library/Caches/org.scalameta.metals/bsp.trace.json[0m
2023.09.12 23:35:41 INFO  tracing is disabled for protocol BSP, to enable tracing of incoming and outgoing JSON messages create an empty file at /Users/ramytanios/repos/fs2-live-server/.metals/bsp.trace.json or /Users/ramytanios/Library/Caches/org.scalameta.metals/bsp.trace.json[0m
2023.09.12 23:35:41 INFO  BSP server: Starting compilation server[0m
2023.09.12 23:35:41 INFO  BSP server: Starting compilation server[0m
2023.09.12 23:35:41 INFO  BSP server: Downloading https://repo1.maven.org/maven2/io/github/alexarchambault/bleep/bloop-backend_2.12/1.5.9-sc-1/bloop-backend_2.12-1.5.9-sc-1.jar[0m
2023.09.12 23:35:41 INFO  BSP server: Downloading https://repo1.maven.org/maven2/io/github/alexarchambault/bleep/bloop-frontend_2.12/1.5.9-sc-1/bloop-frontend_2.12-1.5.9-sc-1.jar[0m
2023.09.12 23:35:41 INFO  BSP server: Downloading https://repo1.maven.org/maven2/io/get-coursier/interface/1.0.13/interface-1.0.13.jar[0m
2023.09.12 23:35:41 INFO  BSP server: Downloading https://repo1.maven.org/maven2/io/github/alexarchambault/bleep/bloop-frontend_2.12/1.5.9-sc-1/bloop-frontend_2.12-1.5.9-sc-1.jar[0m
2023.09.12 23:35:41 INFO  BSP server: Downloading https://repo1.maven.org/maven2/io/github/alexarchambault/bleep/bloop-backend_2.12/1.5.9-sc-1/bloop-backend_2.12-1.5.9-sc-1.jar[0m
2023.09.12 23:35:41 INFO  BSP server: Downloading https://repo1.maven.org/maven2/io/get-coursier/interface/1.0.13/interface-1.0.13.jar[0m
2023.09.12 23:35:46 INFO  BSP server: Downloaded https://repo1.maven.org/maven2/io/github/alexarchambault/bleep/bloop-backend_2.12/1.5.9-sc-1/bloop-backend_2.12-1.5.9-sc-1.jar[0m
2023.09.12 23:35:47 INFO  BSP server: (watching) Downloaded https://repo1.maven.org/maven2/io/github/alexarchambault/bleep/bloop-backend_2.12/1.5.9-sc-1/bloop-backend_2.12-1.5.9-sc-1.jar[0m
2023.09.12 23:35:51 INFO  BSP server: Downloaded https://repo1.maven.org/maven2/io/github/alexarchambault/bleep/bloop-frontend_2.12/1.5.9-sc-1/bloop-frontend_2.12-1.5.9-sc-1.jar[0m
2023.09.12 23:35:51 INFO  BSP server: (watching) Downloaded https://repo1.maven.org/maven2/io/github/alexarchambault/bleep/bloop-frontend_2.12/1.5.9-sc-1/bloop-frontend_2.12-1.5.9-sc-1.jar[0m
2023.09.12 23:35:57 INFO  BSP server: Still downloading:[0m
2023.09.12 23:35:57 INFO  BSP server: Still downloading:[0m
2023.09.12 23:35:57 INFO  BSP server: https://repo1.maven.org/maven2/io/get-coursier/interface/1.0.13/interface-1.0.13.jar (0.00 %, 0 / 10225728)[0m
2023.09.12 23:35:57 INFO  BSP server: https://repo1.maven.org/maven2/io/get-coursier/interface/1.0.13/interface-1.0.13.jar (13.86 %, 1417366 / 10225728)[0m
2023.09.12 23:35:57 INFO  BSP server: [0m
2023.09.12 23:35:57 INFO  BSP server: [0m
2023.09.12 23:36:01 ERROR Timeout waiting for 'build/initialize' response[0m
2023.09.12 23:36:01 ERROR Timeout waiting for 'build/initialize' response[0m
2023.09.12 23:36:01 WARN  Retrying connection to the build server scala-cli[0m
2023.09.12 23:36:01 WARN  Retrying connection to the build server scala-cli[0m
2023.09.12 23:36:01 INFO  Running BSP server List(/Users/ramytanios/.local/share/coursier/bin/.scala-cli.aux, bsp, --json-options, /Users/ramytanios/repos/fs2-live-server/.scala-build/ide-options-v2.json, /Users/ramytanios/repos/fs2-live-server)[0m
2023.09.12 23:36:01 INFO  Running BSP server List(/Users/ramytanios/.local/share/coursier/bin/.scala-cli.aux, bsp, --json-options, /Users/ramytanios/repos/fs2-live-server/.scala-build/ide-options-v2.json, /Users/ramytanios/repos/fs2-live-server)[0m
2023.09.12 23:36:01 INFO  tracing is disabled for protocol BSP, to enable tracing of incoming and outgoing JSON messages create an empty file at /Users/ramytanios/repos/fs2-live-server/.metals/bsp.trace.json or /Users/ramytanios/Library/Caches/org.scalameta.metals/bsp.trace.json[0m
2023.09.12 23:36:01 INFO  tracing is disabled for protocol BSP, to enable tracing of incoming and outgoing JSON messages create an empty file at /Users/ramytanios/repos/fs2-live-server/.metals/bsp.trace.json or /Users/ramytanios/Library/Caches/org.scalameta.metals/bsp.trace.json[0m
2023.09.12 23:36:01 INFO  BSP server: Starting compilation server[0m
2023.09.12 23:36:01 INFO  BSP server: Starting compilation server[0m
2023.09.12 23:36:01 INFO  BSP server: Downloading https://repo1.maven.org/maven2/io/get-coursier/interface/1.0.13/interface-1.0.13.jar[0m
2023.09.12 23:36:01 INFO  BSP server: Downloading https://repo1.maven.org/maven2/io/get-coursier/interface/1.0.13/interface-1.0.13.jar[0m
2023.09.12 23:36:08 INFO  BSP server: Still downloading:[0m
2023.09.12 23:36:08 INFO  BSP server: Still downloading:[0m
2023.09.12 23:36:08 INFO  BSP server: https://repo1.maven.org/maven2/io/get-coursier/interface/1.0.13/interface-1.0.13.jar (22.35 %, 2285087 / 10225728)[0m
2023.09.12 23:36:08 INFO  BSP server: https://repo1.maven.org/maven2/io/get-coursier/interface/1.0.13/interface-1.0.13.jar (0.00 %, 0 / 10225728)[0m
2023.09.12 23:36:08 INFO  BSP server: [0m
2023.09.12 23:36:08 INFO  BSP server: [0m
2023.09.12 23:36:13 INFO  BSP server: Still downloading:[0m
2023.09.12 23:36:13 INFO  BSP server: https://repo1.maven.org/maven2/io/get-coursier/interface/1.0.13/interface-1.0.13.jar (0.00 %, 0 / 10225728)[0m
2023.09.12 23:36:13 INFO  BSP server: [0m
2023.09.12 23:36:13 WARN  no build target for: /Users/ramytanios/repos/fs2-live-server/live-server.scala[0m
Sept 12, 2023 11:36:13 PM scala.meta.internal.pc.CompilerAccess handleError
SEVERE: A severe compiler error occurred, full details of the error can be found in the error report /Users/ramytanios/repos/fs2-live-server/.metals/.reports/metals-full/2023-09-12/r_compiler-error_23-36-13-924
2023.09.12 23:36:14 INFO  BSP server: Still downloading:[0m
2023.09.12 23:36:14 INFO  BSP server: https://repo1.maven.org/maven2/io/get-coursier/interface/1.0.13/interface-1.0.13.jar (31.99 %, 3271523 / 10225728)[0m
2023.09.12 23:36:14 INFO  BSP server: [0m
2023.09.12 23:36:18 WARN  no build target for: /Users/ramytanios/repos/fs2-live-server/live-server.scala[0m
Sept 12, 2023 11:36:18 PM scala.meta.internal.pc.CompilerAccess handleError
SEVERE: A severe compiler error occurred, full details of the error can be found in the error report /Users/ramytanios/repos/fs2-live-server/.metals/.reports/metals-full/2023-09-12/r_compiler-error_23-36-18-335
2023.09.12 23:36:19 INFO  BSP server: Still downloading:[0m
2023.09.12 23:36:19 INFO  BSP server: https://repo1.maven.org/maven2/io/get-coursier/interface/1.0.13/interface-1.0.13.jar (0.00 %, 0 / 10225728)[0m
2023.09.12 23:36:19 INFO  BSP server: [0m
2023.09.12 23:36:19 INFO  Shutting down server[0m
2023.09.12 23:36:19 WARN  no build target for: /Users/ramytanios/repos/fs2-live-server/live-server.scala[0m
2023.09.12 23:36:19 INFO  shutting down Metals[0m
Sept 12, 2023 11:36:19 PM scala.meta.internal.pc.CompilerAccess handleError
SEVERE: A severe compiler error occurred, full details of the error can be found in the error report /Users/ramytanios/repos/fs2-live-server/.metals/.reports/metals-full/2023-09-12/r_compiler-error_23-36-19-196
Sept 12, 2023 11:36:19 PM org.flywaydb.core.FlywayExecutor execute
INFO: Database: jdbc:h2:file:/Users/ramytanios/repos/fs2-live-server/.metals/metals (H2 2.1)
Sept 12, 2023 11:36:19 PM org.flywaydb.core.internal.command.DbValidate validate
INFO: Successfully validated 4 migrations (execution time 00:00.001s)
Sept 12, 2023 11:36:19 PM org.flywaydb.core.internal.command.DbMigrate migrateGroup
INFO: Current version of schema "PUBLIC": 4
Sept 12, 2023 11:36:19 PM org.flywaydb.core.internal.command.DbMigrate logSummary
INFO: Schema "PUBLIC" is up to date. No migration necessary.
java.util.concurrent.RejectedExecutionException: Task Future(<not completed>) rejected from java.util.concurrent.ThreadPoolExecutor@5b94b04d[Shutting down, pool size = 9, active threads = 6, queued tasks = 0, completed tasks = 194]
	at java.base/java.util.concurrent.ThreadPoolExecutor$AbortPolicy.rejectedExecution(ThreadPoolExecutor.java:2081)
	at java.base/java.util.concurrent.ThreadPoolExecutor.reject(ThreadPoolExecutor.java:841)
	at java.base/java.util.concurrent.ThreadPoolExecutor.execute(ThreadPoolExecutor.java:1376)
	at scala.concurrent.impl.ExecutionContextImpl.execute(ExecutionContextImpl.scala:21)
	at scala.concurrent.impl.Promise$Transformation.submitWithValue(Promise.scala:429)
	at scala.concurrent.impl.Promise$DefaultPromise.submitWithValue(Promise.scala:338)
	at scala.concurrent.impl.Promise$DefaultPromise.tryComplete0(Promise.scala:285)
	at scala.concurrent.impl.Promise$Transformation.handleFailure(Promise.scala:444)
	at scala.concurrent.impl.Promise$Transformation.submitWithValue(Promise.scala:435)
	at scala.concurrent.impl.Promise$DefaultPromise.submitWithValue(Promise.scala:338)
	at scala.concurrent.impl.Promise$DefaultPromise.tryComplete0(Promise.scala:285)
	at scala.concurrent.impl.Promise$Transformation.handleFailure(Promise.scala:444)
	at scala.concurrent.impl.Promise$Transformation.run(Promise.scala:506)
	at java.base/java.util.concurrent.ThreadPoolExecutor.runWorker(ThreadPoolExecutor.java:1144)
	at java.base/java.util.concurrent.ThreadPoolExecutor$Worker.run(ThreadPoolExecutor.java:642)
	at java.base/java.lang.Thread.run(Thread.java:1623)
java.util.concurrent.RejectedExecutionException: Task Future(<not completed>) rejected from java.util.concurrent.ThreadPoolExecutor@5b94b04d[Shutting down, pool size = 8, active threads = 6, queued tasks = 0, completed tasks = 194]
	at java.base/java.util.concurrent.ThreadPoolExecutor$AbortPolicy.rejectedExecution(ThreadPoolExecutor.java:2081)
	at java.base/java.util.concurrent.ThreadPoolExecutor.reject(ThreadPoolExecutor.java:841)
	at java.base/java.util.concurrent.ThreadPoolExecutor.execute(ThreadPoolExecutor.java:1376)
	at scala.concurrent.impl.ExecutionContextImpl.execute(ExecutionContextImpl.scala:21)
	at scala.concurrent.impl.Promise$Transformation.submitWithValue(Promise.scala:429)
	at scala.concurrent.impl.Promise$DefaultPromise.submitWithValue(Promise.scala:338)
	at scala.concurrent.impl.Promise$DefaultPromise.tryComplete0(Promise.scala:285)
	at scala.concurrent.impl.Promise$Transformation.handleFailure(Promise.scala:444)
	at scala.concurrent.impl.Promise$Transformation.submitWithValue(Promise.scala:435)
	at scala.concurrent.impl.Promise$DefaultPromise.submitWithValue(Promise.scala:338)
	at scala.concurrent.impl.Promise$DefaultPromise.tryComplete0(Promise.scala:285)
	at scala.concurrent.impl.Promise$Transformation.handleFailure(Promise.scala:444)
	at scala.concurrent.impl.Promise$Transformation.run(Promise.scala:506)
	at java.base/java.util.concurrent.ThreadPoolExecutor.runWorker(ThreadPoolExecutor.java:1144)
	at java.base/java.util.concurrent.ThreadPoolExecutor$Worker.run(ThreadPoolExecutor.java:642)
	at java.base/java.lang.Thread.run(Thread.java:1623)
java.util.concurrent.RejectedExecutionException: Task Future(<not completed>) rejected from java.util.concurrent.ThreadPoolExecutor@5b94b04d[Shutting down, pool size = 6, active threads = 6, queued tasks = 0, completed tasks = 194]
	at java.base/java.util.concurrent.ThreadPoolExecutor$AbortPolicy.rejectedExecution(ThreadPoolExecutor.java:2081)
	at java.base/java.util.concurrent.ThreadPoolExecutor.reject(ThreadPoolExecutor.java:841)
	at java.base/java.util.concurrent.ThreadPoolExecutor.execute(ThreadPoolExecutor.java:1376)
	at scala.concurrent.impl.ExecutionContextImpl.execute(ExecutionContextImpl.scala:21)
	at scala.concurrent.impl.Promise$Transformation.submitWithValue(Promise.scala:429)
	at scala.concurrent.impl.Promise$DefaultPromise.submitWithValue(Promise.scala:338)
	at scala.concurrent.impl.Promise$DefaultPromise.tryComplete0(Promise.scala:285)
	at scala.concurrent.impl.Promise$Transformation.handleFailure(Promise.scala:444)
	at scala.concurrent.impl.Promise$Transformation.submitWithValue(Promise.scala:435)
	at scala.concurrent.impl.Promise$DefaultPromise.submitWithValue(Promise.scala:338)
	at scala.concurrent.impl.Promise$DefaultPromise.tryComplete0(Promise.scala:285)
	at scala.concurrent.impl.Promise$Transformation.handleFailure(Promise.scala:444)
	at scala.concurrent.impl.Promise$Transformation.submitWithValue(Promise.scala:435)
	at scala.concurrent.impl.Promise$DefaultPromise.submitWithValue(Promise.scala:338)
	at scala.concurrent.impl.Promise$DefaultPromise.tryComplete0(Promise.scala:285)
	at scala.concurrent.impl.Promise$Transformation.handleFailure(Promise.scala:444)
	at scala.concurrent.impl.Promise$Transformation.submitWithValue(Promise.scala:435)
	at scala.concurrent.impl.Promise$DefaultPromise.submitWithValue(Promise.scala:338)
	at scala.concurrent.impl.Promise$DefaultPromise.tryComplete0(Promise.scala:285)
	at scala.concurrent.impl.Promise$Transformation.handleFailure(Promise.scala:444)
	at scala.concurrent.impl.Promise$Transformation.submitWithValue(Promise.scala:435)
	at scala.concurrent.impl.Promise$DefaultPromise.submitWithValue(Promise.scala:338)
	at scala.concurrent.impl.Promise$DefaultPromise.tryComplete0(Promise.scala:285)
	at scala.concurrent.impl.Promise$Transformation.handleFailure(Promise.scala:444)
	at scala.concurrent.impl.Promise$Transformation.submitWithValue(Promise.scala:435)
	at scala.concurrent.impl.Promise$DefaultPromise.submitWithValue(Promise.scala:338)
	at scala.concurrent.impl.Promise$DefaultPromise.tryComplete0(Promise.scala:285)
	at scala.concurrent.impl.Promise$Transformation.handleFailure(Promise.scala:444)
	at scala.concurrent.impl.Promise$Transformation.submitWithValue(Promise.scala:435)
	at scala.concurrent.impl.Promise$DefaultPromise.submitWithValue(Promise.scala:338)
	at scala.concurrent.impl.Promise$DefaultPromise.tryComplete0(Promise.scala:285)
	at scala.concurrent.impl.Promise$Transformation.handleFailure(Promise.scala:444)
	at scala.concurrent.impl.Promise$Transformation.submitWithValue(Promise.scala:435)
	at scala.concurrent.impl.Promise$DefaultPromise.submitWithValue(Promise.scala:338)
	at scala.concurrent.impl.Promise$DefaultPromise.tryComplete0(Promise.scala:285)
	at scala.concurrent.impl.Promise$Transformation.handleFailure(Promise.scala:444)
	at scala.concurrent.impl.Promise$Transformation.submitWithValue(Promise.scala:435)
	at scala.concurrent.impl.Promise$DefaultPromise.submitWithValue(Promise.scala:338)
	at scala.concurrent.impl.Promise$DefaultPromise.tryComplete0(Promise.scala:285)
	at scala.concurrent.impl.Promise$Transformation.handleFailure(Promise.scala:444)
	at scala.concurrent.impl.Promise$Transformation.submitWithValue(Promise.scala:435)
	at scala.concurrent.impl.Promise$DefaultPromise.submitWithValue(Promise.scala:338)
	at scala.concurrent.impl.Promise$DefaultPromise.tryComplete0(Promise.scala:285)
	at scala.concurrent.impl.Promise$Transformation.handleFailure(Promise.scala:444)
	at scala.concurrent.impl.Promise$Transformation.submitWithValue(Promise.scala:435)
	at scala.concurrent.impl.Promise$DefaultPromise.submitWithValue(Promise.scala:338)
	at scala.concurrent.impl.Promise$DefaultPromise.tryComplete0(Promise.scala:285)
	at scala.concurrent.impl.Promise$Transformation.handleFailure(Promise.scala:444)
	at scala.concurrent.impl.Promise$Transformation.submitWithValue(Promise.scala:435)
	at scala.concurrent.impl.Promise$DefaultPromise.submitWithValue(Promise.scala:338)
	at scala.concurrent.impl.Promise$DefaultPromise.tryComplete0(Promise.scala:285)
	at scala.concurrent.impl.Promise$Transformation.handleFailure(Promise.scala:444)
	at scala.concurrent.impl.Promise$Transformation.run(Promise.scala:506)
	at java.base/java.util.concurrent.ThreadPoolExecutor.runWorker(ThreadPoolExecutor.java:1144)
	at java.base/java.util.concurrent.ThreadPoolExecutor$Worker.run(ThreadPoolExecutor.java:642)
	at java.base/java.lang.Thread.run(Thread.java:1623)
java.util.concurrent.RejectedExecutionException: Task Future(<not completed>) rejected from java.util.concurrent.ThreadPoolExecutor@5b94b04d[Shutting down, pool size = 6, active threads = 6, queued tasks = 0, completed tasks = 194]
	at java.base/java.util.concurrent.ThreadPoolExecutor$AbortPolicy.rejectedExecution(ThreadPoolExecutor.java:2081)
	at java.base/java.util.concurrent.ThreadPoolExecutor.reject(ThreadPoolExecutor.java:841)
	at java.base/java.util.concurrent.ThreadPoolExecutor.execute(ThreadPoolExecutor.java:1376)
	at scala.concurrent.impl.ExecutionContextImpl.execute(ExecutionContextImpl.scala:21)
	at scala.concurrent.impl.Promise$Transformation.submitWithValue(Promise.scala:429)
	at scala.concurrent.impl.Promise$DefaultPromise.submitWithValue(Promise.scala:338)
	at scala.concurrent.impl.Promise$DefaultPromise.tryComplete0(Promise.scala:285)
	at scala.concurrent.impl.Promise$Transformation.handleFailure(Promise.scala:444)
	at scala.concurrent.impl.Promise$Transformation.submitWithValue(Promise.scala:435)
	at scala.concurrent.impl.Promise$DefaultPromise.submitWithValue(Promise.scala:338)
	at scala.concurrent.impl.Promise$DefaultPromise.tryComplete0(Promise.scala:285)
	at scala.concurrent.impl.Promise$Transformation.handleFailure(Promise.scala:444)
	at scala.concurrent.impl.Promise$Transformation.submitWithValue(Promise.scala:435)
	at scala.concurrent.impl.Promise$DefaultPromise.submitWithValue(Promise.scala:338)
	at scala.concurrent.impl.Promise$DefaultPromise.tryComplete0(Promise.scala:285)
	at scala.concurrent.impl.Promise$Transformation.handleFailure(Promise.scala:444)
	at scala.concurrent.impl.Promise$Transformation.submitWithValue(Promise.scala:435)
	at scala.concurrent.impl.Promise$DefaultPromise.submitWithValue(Promise.scala:338)
	at scala.concurrent.impl.Promise$DefaultPromise.tryComplete0(Promise.scala:285)
	at scala.concurrent.impl.Promise$Transformation.handleFailure(Promise.scala:444)
	at scala.concurrent.impl.Promise$Transformation.submitWithValue(Promise.scala:435)
	at scala.concurrent.impl.Promise$DefaultPromise.submitWithValue(Promise.scala:338)
	at scala.concurrent.impl.Promise$DefaultPromise.tryComplete0(Promise.scala:285)
	at scala.concurrent.impl.Promise$Transformation.handleFailure(Promise.scala:444)
	at scala.concurrent.impl.Promise$Transformation.submitWithValue(Promise.scala:435)
	at scala.concurrent.impl.Promise$DefaultPromise.submitWithValue(Promise.scala:338)
	at scala.concurrent.impl.Promise$DefaultPromise.tryComplete0(Promise.scala:285)
	at scala.concurrent.impl.Promise$Transformation.handleFailure(Promise.scala:444)
	at scala.concurrent.impl.Promise$Transformation.submitWithValue(Promise.scala:435)
	at scala.concurrent.impl.Promise$DefaultPromise.submitWithValue(Promise.scala:338)
	at scala.concurrent.impl.Promise$DefaultPromise.tryComplete0(Promise.scala:285)
	at scala.concurrent.impl.Promise$Transformation.handleFailure(Promise.scala:444)
	at scala.concurrent.impl.Promise$Transformation.submitWithValue(Promise.scala:435)
	at scala.concurrent.impl.Promise$DefaultPromise.submitWithValue(Promise.scala:338)
	at scala.concurrent.impl.Promise$DefaultPromise.tryComplete0(Promise.scala:285)
	at scala.concurrent.impl.Promise$Transformation.handleFailure(Promise.scala:444)
	at scala.concurrent.impl.Promise$Transformation.submitWithValue(Promise.scala:435)
	at scala.concurrent.impl.Promise$DefaultPromise.submitWithValue(Promise.scala:338)
	at scala.concurrent.impl.Promise$DefaultPromise.tryComplete0(Promise.scala:285)
	at scala.concurrent.impl.Promise$Transformation.handleFailure(Promise.scala:444)
	at scala.concurrent.impl.Promise$Transformation.submitWithValue(Promise.scala:435)
	at scala.concurrent.impl.Promise$DefaultPromise.submitWithValue(Promise.scala:338)
	at scala.concurrent.impl.Promise$DefaultPromise.tryComplete0(Promise.scala:285)
	at scala.concurrent.impl.Promise$Transformation.handleFailure(Promise.scala:444)
	at scala.concurrent.impl.Promise$Transformation.submitWithValue(Promise.scala:435)
	at scala.concurrent.impl.Promise$DefaultPromise.submitWithValue(Promise.scala:338)
	at scala.concurrent.impl.Promise$DefaultPromise.tryComplete0(Promise.scala:285)
	at scala.concurrent.impl.Promise$Transformation.handleFailure(Promise.scala:444)
	at scala.concurrent.impl.Promise$Transformation.submitWithValue(Promise.scala:435)
	at scala.concurrent.impl.Promise$DefaultPromise.submitWithValue(Promise.scala:338)
	at scala.concurrent.impl.Promise$DefaultPromise.tryComplete0(Promise.scala:285)
	at scala.concurrent.impl.Promise$Transformation.handleFailure(Promise.scala:444)
	at scala.concurrent.impl.Promise$Transformation.submitWithValue(Promise.scala:435)
	at scala.concurrent.impl.Promise$DefaultPromise.submitWithValue(Promise.scala:338)
	at scala.concurrent.impl.Promise$DefaultPromise.tryComplete0(Promise.scala:285)
	at scala.concurrent.impl.Promise$Transformation.handleFailure(Promise.scala:444)
	at scala.concurrent.impl.Promise$Transformation.submitWithValue(Promise.scala:435)
	at scala.concurrent.impl.Promise$DefaultPromise.submitWithValue(Promise.scala:338)
	at scala.concurrent.impl.Promise$DefaultPromise.tryComplete0(Promise.scala:285)
	at scala.concurrent.impl.Promise$Transformation.handleFailure(Promise.scala:444)
	at scala.concurrent.impl.Promise$Transformation.run(Promise.scala:506)
	at java.base/java.util.concurrent.ThreadPoolExecutor.runWorker(ThreadPoolExecutor.java:1144)
	at java.base/java.util.concurrent.ThreadPoolExecutor$Worker.run(ThreadPoolExecutor.java:642)
	at java.base/java.lang.Thread.run(Thread.java:1623)
2023.09.12 23:38:55 INFO  Started: Metals version 1.0.1 in folders '/Users/ramytanios/repos/fs2-live-server' for client Neovim 0.9.2.[0m
Sept 12, 2023 11:38:55 PM org.flywaydb.core.internal.license.VersionPrinter printVersionOnly
INFO: Flyway Community Edition 9.21.2 by Redgate
Sept 12, 2023 11:38:55 PM org.flywaydb.core.internal.license.VersionPrinter printVersion
INFO: See release notes here: https://rd.gt/416ObMi
Sept 12, 2023 11:38:55 PM org.flywaydb.core.internal.license.VersionPrinter printVersion
INFO: 
Sept 12, 2023 11:38:55 PM org.flywaydb.core.FlywayExecutor execute
INFO: Database: jdbc:h2:file:/Users/ramytanios/repos/fs2-live-server/.metals/metals (H2 2.1)
Sept 12, 2023 11:38:55 PM org.flywaydb.core.internal.command.DbValidate validate
INFO: Successfully validated 4 migrations (execution time 00:00.006s)
Sept 12, 2023 11:38:55 PM org.flywaydb.core.internal.command.DbMigrate migrateGroup
INFO: Current version of schema "PUBLIC": 4
Sept 12, 2023 11:38:55 PM org.flywaydb.core.internal.command.DbMigrate logSummary
INFO: Schema "PUBLIC" is up to date. No migration necessary.
2023.09.12 23:38:56 INFO  time: initialize in 0.28s[0m
2023.09.12 23:39:07 INFO  no build target found for /Users/ramytanios/repos/fs2-live-server/live-server.scala. Using presentation compiler with project's scala-library version: 3.3.0[0m
2023.09.12 23:39:07 INFO  Attempting to connect to the build server...[0m
2023.09.12 23:39:07 INFO  Running BSP server List(/Users/ramytanios/.local/share/coursier/bin/.scala-cli.aux, bsp, --json-options, /Users/ramytanios/repos/fs2-live-server/.scala-build/ide-options-v2.json, /Users/ramytanios/repos/fs2-live-server)[0m
2023.09.12 23:39:07 INFO  tracing is disabled for protocol BSP, to enable tracing of incoming and outgoing JSON messages create an empty file at /Users/ramytanios/repos/fs2-live-server/.metals/bsp.trace.json or /Users/ramytanios/Library/Caches/org.scalameta.metals/bsp.trace.json[0m
2023.09.12 23:39:07 WARN  No build session currently active to reload.[0m
2023.09.12 23:39:07 INFO  time: Connected to build server in 0.97s[0m
2023.09.12 23:39:07 INFO  Connected to Build server: scala-cli v1.0.4[0m
2023.09.12 23:39:08 INFO  compiling fs2-live-server_bd2c96d2de (1 scala source)[0m
2023.09.12 23:39:10 INFO  time: compiled fs2-live-server_bd2c96d2de in 1.64s[0m
2023.09.12 23:39:10 INFO  compiling fs2-live-server_bd2c96d2de (1 scala source)[0m
2023.09.12 23:39:10 INFO  time: indexed workspace in 1.97s[0m
2023.09.12 23:39:11 INFO  time: compiled fs2-live-server_bd2c96d2de in 1.26s[0m
2023.09.12 23:39:11 INFO  compiling fs2-live-server_bd2c96d2de (1 scala source)[0m
2023.09.12 23:39:12 INFO  time: compiled fs2-live-server_bd2c96d2de in 0.91s[0m
2023.09.12 23:39:12 INFO  compiling fs2-live-server_bd2c96d2de (1 scala source)[0m
2023.09.12 23:39:13 INFO  time: compiled fs2-live-server_bd2c96d2de in 0.94s[0m
2023.09.12 23:43:25 INFO  BSP server: Downloading https://repo1.maven.org/maven2/org/http4s/http4s-ember-server_3/1.0.0-M40/http4s-ember-server_3-1.0.0-M40.pom[0m
2023.09.12 23:43:25 INFO  BSP server: Downloaded https://repo1.maven.org/maven2/org/http4s/http4s-ember-server_3/1.0.0-M40/http4s-ember-server_3-1.0.0-M40.pom[0m
2023.09.12 23:43:25 INFO  BSP server: Downloading https://repo1.maven.org/maven2/org/http4s/http4s-server_3/1.0.0-M40/http4s-server_3-1.0.0-M40.pom[0m
2023.09.12 23:43:25 INFO  BSP server: Downloading https://repo1.maven.org/maven2/org/http4s/http4s-ember-core_3/1.0.0-M40/http4s-ember-core_3-1.0.0-M40.pom[0m
2023.09.12 23:43:25 INFO  BSP server: Downloaded https://repo1.maven.org/maven2/org/http4s/http4s-server_3/1.0.0-M40/http4s-server_3-1.0.0-M40.pom[0m
2023.09.12 23:43:25 INFO  BSP server: Downloaded https://repo1.maven.org/maven2/org/http4s/http4s-ember-core_3/1.0.0-M40/http4s-ember-core_3-1.0.0-M40.pom[0m
2023.09.12 23:43:25 INFO  BSP server: Downloading https://repo1.maven.org/maven2/org/http4s/http4s-core_3/1.0.0-M40/http4s-core_3-1.0.0-M40.pom[0m
2023.09.12 23:43:25 INFO  BSP server: Downloaded https://repo1.maven.org/maven2/org/http4s/http4s-core_3/1.0.0-M40/http4s-core_3-1.0.0-M40.pom[0m
2023.09.12 23:43:26 INFO  BSP server: Downloading https://repo1.maven.org/maven2/org/http4s/http4s-ember-core_3/1.0.0-M40/http4s-ember-core_3-1.0.0-M40.jar[0m
2023.09.12 23:43:26 INFO  BSP server: Downloading https://repo1.maven.org/maven2/org/http4s/http4s-core_3/1.0.0-M40/http4s-core_3-1.0.0-M40-sources.jar[0m
2023.09.12 23:43:26 INFO  BSP server: Downloading https://repo1.maven.org/maven2/org/http4s/http4s-core_3/1.0.0-M40/http4s-core_3-1.0.0-M40.jar[0m
2023.09.12 23:43:26 INFO  BSP server: Downloading https://repo1.maven.org/maven2/org/http4s/http4s-server_3/1.0.0-M40/http4s-server_3-1.0.0-M40-sources.jar[0m
2023.09.12 23:43:26 INFO  BSP server: Downloading https://repo1.maven.org/maven2/org/http4s/http4s-ember-server_3/1.0.0-M40/http4s-ember-server_3-1.0.0-M40-sources.jar[0m
2023.09.12 23:43:26 INFO  BSP server: Downloading https://repo1.maven.org/maven2/org/http4s/http4s-server_3/1.0.0-M40/http4s-server_3-1.0.0-M40.jar[0m
2023.09.12 23:43:28 INFO  BSP server: Downloaded https://repo1.maven.org/maven2/org/http4s/http4s-ember-server_3/1.0.0-M40/http4s-ember-server_3-1.0.0-M40-sources.jar[0m
2023.09.12 23:43:28 INFO  BSP server: Downloading https://repo1.maven.org/maven2/org/http4s/http4s-ember-server_3/1.0.0-M40/http4s-ember-server_3-1.0.0-M40.jar[0m
2023.09.12 23:43:31 INFO  BSP server: Downloaded https://repo1.maven.org/maven2/org/http4s/http4s-server_3/1.0.0-M40/http4s-server_3-1.0.0-M40-sources.jar[0m
2023.09.12 23:43:31 INFO  BSP server: Downloading https://repo1.maven.org/maven2/org/http4s/http4s-ember-core_3/1.0.0-M40/http4s-ember-core_3-1.0.0-M40-sources.jar[0m
2023.09.12 23:43:32 INFO  BSP server: Downloaded https://repo1.maven.org/maven2/org/http4s/http4s-ember-core_3/1.0.0-M40/http4s-ember-core_3-1.0.0-M40-sources.jar[0m
2023.09.12 23:43:32 INFO  BSP server: Downloaded https://repo1.maven.org/maven2/org/http4s/http4s-ember-server_3/1.0.0-M40/http4s-ember-server_3-1.0.0-M40.jar[0m
2023.09.12 23:43:34 INFO  BSP server: Downloaded https://repo1.maven.org/maven2/org/http4s/http4s-core_3/1.0.0-M40/http4s-core_3-1.0.0-M40-sources.jar[0m
2023.09.12 23:43:35 INFO  BSP server: Downloaded https://repo1.maven.org/maven2/org/http4s/http4s-ember-core_3/1.0.0-M40/http4s-ember-core_3-1.0.0-M40.jar[0m
2023.09.12 23:43:38 INFO  BSP server: Downloaded https://repo1.maven.org/maven2/org/http4s/http4s-server_3/1.0.0-M40/http4s-server_3-1.0.0-M40.jar[0m
2023.09.12 23:43:43 INFO  BSP server: Still downloading:[0m
2023.09.12 23:43:43 INFO  BSP server: https://repo1.maven.org/maven2/org/http4s/http4s-core_3/1.0.0-M40/http4s-core_3-1.0.0-M40.jar (52.91 %, 1611776 / 3046467)[0m
2023.09.12 23:43:43 INFO  BSP server: [0m
2023.09.12 23:43:51 INFO  BSP server: Still downloading:[0m
2023.09.12 23:43:51 INFO  BSP server: https://repo1.maven.org/maven2/org/http4s/http4s-core_3/1.0.0-M40/http4s-core_3-1.0.0-M40.jar (87.53 %, 2666496 / 3046467)[0m
2023.09.12 23:43:51 INFO  BSP server: [0m
2023.09.12 23:43:54 INFO  BSP server: Downloaded https://repo1.maven.org/maven2/org/http4s/http4s-core_3/1.0.0-M40/http4s-core_3-1.0.0-M40.jar[0m
2023.09.12 23:43:55 INFO  Disconnecting from scala-cli session...[0m
2023.09.12 23:43:55 INFO  Shut down connection with build server.[0m
2023.09.12 23:43:55 INFO  Cancelling compilation on scala-cli server[0m
2023.09.12 23:43:55 INFO  Attempting to connect to the build server...[0m
2023.09.12 23:43:55 INFO  Running BSP server List(/Users/ramytanios/.local/share/coursier/bin/.scala-cli.aux, bsp, --json-options, /Users/ramytanios/repos/fs2-live-server/.scala-build/ide-options-v2.json, /Users/ramytanios/repos/fs2-live-server)[0m
2023.09.12 23:43:55 INFO  tracing is disabled for protocol BSP, to enable tracing of incoming and outgoing JSON messages create an empty file at /Users/ramytanios/repos/fs2-live-server/.metals/bsp.trace.json or /Users/ramytanios/Library/Caches/org.scalameta.metals/bsp.trace.json[0m
2023.09.12 23:43:57 INFO  time: Connected to build server in 2.5s[0m
2023.09.12 23:43:57 INFO  Connected to Build server: scala-cli v1.0.4[0m
2023.09.12 23:43:58 INFO  compiling fs2-live-server_bd2c96d2de (1 scala source)[0m
2023.09.12 23:43:58 INFO  time: indexed workspace in 0.89s[0m
2023.09.12 23:43:59 INFO  time: compiled fs2-live-server_bd2c96d2de in 1.38s[0m
2023.09.12 23:43:59 INFO  compiling fs2-live-server_bd2c96d2de (1 scala source)[0m
2023.09.12 23:43:59 INFO  time: compiled fs2-live-server_bd2c96d2de in 0.93s[0m
2023.09.12 23:44:00 INFO  compiling fs2-live-server_bd2c96d2de (1 scala source)[0m
2023.09.12 23:44:00 INFO  time: compiled fs2-live-server_bd2c96d2de in 0.89s[0m
2023.09.12 23:44:01 INFO  Refreshed build after change[0m
2023.09.12 23:44:13 INFO  Disconnecting from scala-cli session...[0m
2023.09.12 23:44:13 INFO  Shut down connection with build server.[0m
2023.09.12 23:44:13 INFO  Cancelling compilation on scala-cli server[0m
2023.09.12 23:44:13 INFO  Attempting to connect to the build server...[0m
2023.09.12 23:44:13 INFO  Running BSP server List(/Users/ramytanios/.local/share/coursier/bin/.scala-cli.aux, bsp, --json-options, /Users/ramytanios/repos/fs2-live-server/.scala-build/ide-options-v2.json, /Users/ramytanios/repos/fs2-live-server)[0m
2023.09.12 23:44:13 INFO  tracing is disabled for protocol BSP, to enable tracing of incoming and outgoing JSON messages create an empty file at /Users/ramytanios/repos/fs2-live-server/.metals/bsp.trace.json or /Users/ramytanios/Library/Caches/org.scalameta.metals/bsp.trace.json[0m
2023.09.12 23:44:14 INFO  time: Connected to build server in 1.82s[0m
2023.09.12 23:44:14 INFO  Connected to Build server: scala-cli v1.0.4[0m
2023.09.12 23:44:15 INFO  compiling fs2-live-server_bd2c96d2de (1 scala source)[0m
2023.09.12 23:44:14 INFO  time: indexed workspace in 0.69s[0m
2023.09.12 23:44:16 INFO  time: compiled fs2-live-server_bd2c96d2de in 1.19s[0m
2023.09.12 23:44:16 INFO  compiling fs2-live-server_bd2c96d2de (1 scala source)[0m
2023.09.12 23:44:16 INFO  time: compiled fs2-live-server_bd2c96d2de in 0.44s[0m
2023.09.12 23:44:16 INFO  compiling fs2-live-server_bd2c96d2de (1 scala source)[0m
2023.09.12 23:44:17 INFO  time: compiled fs2-live-server_bd2c96d2de in 0.65s[0m
2023.09.12 23:44:17 INFO  Refreshed build after change[0m
2023.09.12 23:44:43 INFO  Running List(/Users/ramytanios/.local/share/coursier/bin/scala-cli, bsp, /Users/ramytanios/repos/fs2-live-server/live-server.scala)[0m
2023.09.12 23:44:43 INFO  tracing is disabled for protocol BSP, to enable tracing of incoming and outgoing JSON messages create an empty file at /Users/ramytanios/repos/fs2-live-server/.metals/bsp.trace.json or /Users/ramytanios/Library/Caches/org.scalameta.metals/bsp.trace.json[0m
2023.09.12 23:44:44 INFO  Connected to Scala CLI server v1.0.4[0m
2023.09.12 23:44:44 INFO  compiling fs2-live-server_bd2c96d2de-6217c8cc6d (1 scala source)[0m
2023.09.12 23:44:45 INFO  time: indexed workspace in 0.75s[0m
2023.09.12 23:44:46 INFO  time: compiled fs2-live-server_bd2c96d2de-6217c8cc6d in 1.27s[0m
2023.09.12 23:44:46 INFO  compiling fs2-live-server_bd2c96d2de-6217c8cc6d (1 scala source)[0m
2023.09.12 23:44:46 INFO  time: compiled fs2-live-server_bd2c96d2de-6217c8cc6d in 0.21s[0m
2023.09.12 23:44:46 INFO  compiling fs2-live-server_bd2c96d2de-6217c8cc6d (1 scala source)[0m
2023.09.12 23:44:47 INFO  time: compiled fs2-live-server_bd2c96d2de-6217c8cc6d in 0.74s[0m
2023.09.12 23:44:47 INFO  Scala CLI started for /Users/ramytanios/repos/fs2-live-server/live-server.scala[0m
2023.09.12 23:45:29 INFO  Scala CLI: Downloading https://repo1.maven.org/maven2/org/http4s/http4s-dsl_3/1.0.0-M40/http4s-dsl_3-1.0.0-M40.pom[0m
2023.09.12 23:45:29 INFO  Scala CLI: Downloaded https://repo1.maven.org/maven2/org/http4s/http4s-dsl_3/1.0.0-M40/http4s-dsl_3-1.0.0-M40.pom[0m
2023.09.12 23:45:29 INFO  Scala CLI: Downloading https://repo1.maven.org/maven2/org/http4s/http4s-dsl_3/1.0.0-M40/http4s-dsl_3-1.0.0-M40.jar[0m
2023.09.12 23:45:29 INFO  Scala CLI: Downloading https://repo1.maven.org/maven2/org/http4s/http4s-dsl_3/1.0.0-M40/http4s-dsl_3-1.0.0-M40-sources.jar[0m
2023.09.12 23:45:30 INFO  Scala CLI: Downloaded https://repo1.maven.org/maven2/org/http4s/http4s-dsl_3/1.0.0-M40/http4s-dsl_3-1.0.0-M40-sources.jar[0m
2023.09.12 23:45:30 INFO  Scala CLI: Downloaded https://repo1.maven.org/maven2/org/http4s/http4s-dsl_3/1.0.0-M40/http4s-dsl_3-1.0.0-M40.jar[0m
2023.09.12 23:45:31 INFO  Scala CLI: Downloading https://repo1.maven.org/maven2/org/http4s/http4s-dsl_3/[0m
2023.09.12 23:45:31 INFO  Scala CLI: Downloaded https://repo1.maven.org/maven2/org/http4s/http4s-dsl_3/[0m
2023.09.12 23:45:31 INFO  Scala CLI: Downloading https://repo1.maven.org/maven2/org/http4s/http4s-dsl_3/maven-metadata.xml[0m
2023.09.12 23:45:31 INFO  Scala CLI: Downloaded https://repo1.maven.org/maven2/org/http4s/http4s-dsl_3/maven-metadata.xml[0m
2023.09.12 23:45:32 INFO  compiling fs2-live-server_bd2c96d2de-6217c8cc6d (1 scala source)[0m
2023.09.12 23:45:32 INFO  time: compiled fs2-live-server_bd2c96d2de-6217c8cc6d in 0.8s[0m
2023.09.12 23:45:33 INFO  time: indexed workspace in 0.77s[0m
2023.09.12 23:45:34 INFO  compiling fs2-live-server_bd2c96d2de-6217c8cc6d (1 scala source)[0m
2023.09.12 23:45:34 INFO  time: compiled fs2-live-server_bd2c96d2de-6217c8cc6d in 0.67s[0m
java.lang.AssertionError: assertion failed: `wildApprox` failed to remove uninstantiated F while typechecking /Users/ramytanios/repos/fs2-live-server/live-server.scala
Sept 12, 2023 11:46:08 PM scala.meta.internal.pc.CompilerAccess handleError
SEVERE: A severe compiler error occurred, full details of the error can be found in the error report /Users/ramytanios/repos/fs2-live-server/.metals/.reports/metals-full/2023-09-12/r_compiler-error_23-46-08-101
java.lang.AssertionError: assertion failed: `wildApprox` failed to remove uninstantiated F while typechecking /Users/ramytanios/repos/fs2-live-server/live-server.scala
Sept 12, 2023 11:46:08 PM scala.meta.internal.pc.CompilerAccess handleError
SEVERE: A severe compiler error occurred, full details of the error can be found in the error report /Users/ramytanios/repos/fs2-live-server/.metals/.reports/metals-full/2023-09-12/r_compiler-error_23-46-08-323
java.lang.AssertionError: assertion failed: `wildApprox` failed to remove uninstantiated F while typechecking /Users/ramytanios/repos/fs2-live-server/live-server.scala
Sept 12, 2023 11:46:08 PM scala.meta.internal.pc.CompilerAccess handleError
SEVERE: A severe compiler error occurred, full details of the error can be found in the error report /Users/ramytanios/repos/fs2-live-server/.metals/.reports/metals-full/2023-09-12/r_compiler-error_23-46-08-425
java.lang.AssertionError: assertion failed: `wildApprox` failed to remove uninstantiated F while typechecking /Users/ramytanios/repos/fs2-live-server/live-server.scala
Sept 12, 2023 11:46:08 PM scala.meta.internal.pc.CompilerAccess handleError
SEVERE: A severe compiler error occurred, full details of the error can be found in the error report /Users/ramytanios/repos/fs2-live-server/.metals/.reports/metals-full/2023-09-12/r_compiler-error_23-46-08-522
java.lang.AssertionError: assertion failed: `wildApprox` failed to remove uninstantiated F while typechecking /Users/ramytanios/repos/fs2-live-server/live-server.scala
Sept 12, 2023 11:46:08 PM scala.meta.internal.pc.CompilerAccess handleError
SEVERE: A severe compiler error occurred, full details of the error can be found in the error report /Users/ramytanios/repos/fs2-live-server/.metals/.reports/metals-full/2023-09-12/r_compiler-error_23-46-08-613
java.lang.AssertionError: assertion failed: `wildApprox` failed to remove uninstantiated F while typechecking /Users/ramytanios/repos/fs2-live-server/live-server.scala
Sept 12, 2023 11:46:08 PM scala.meta.internal.pc.CompilerAccess handleError
SEVERE: A severe compiler error occurred, full details of the error can be found in the error report /Users/ramytanios/repos/fs2-live-server/.metals/.reports/metals-full/2023-09-12/r_compiler-error_23-46-08-735
java.lang.AssertionError: assertion failed: `wildApprox` failed to remove uninstantiated F while typechecking /Users/ramytanios/repos/fs2-live-server/live-server.scala
Sept 12, 2023 11:46:08 PM scala.meta.internal.pc.CompilerAccess handleError
SEVERE: A severe compiler error occurred, full details of the error can be found in the error report /Users/ramytanios/repos/fs2-live-server/.metals/.reports/metals-full/2023-09-12/r_compiler-error_23-46-08-843
2023.09.12 23:46:08 WARN  Could not find semantic tokens for: file:///Users/ramytanios/repos/fs2-live-server/live-server.scala[0m
java.lang.AssertionError: assertion failed: `wildApprox` failed to remove uninstantiated F while typechecking /Users/ramytanios/repos/fs2-live-server/live-server.scala
Sept 12, 2023 11:46:08 PM scala.meta.internal.pc.CompilerAccess handleError
SEVERE: A severe compiler error occurred, full details of the error can be found in the error report /Users/ramytanios/repos/fs2-live-server/.metals/.reports/metals-full/2023-09-12/r_compiler-error_23-46-08-964
java.lang.AssertionError: assertion failed: `wildApprox` failed to remove uninstantiated F while typechecking /Users/ramytanios/repos/fs2-live-server/live-server.scala
Sept 12, 2023 11:46:09 PM scala.meta.internal.pc.CompilerAccess handleError
SEVERE: A severe compiler error occurred, full details of the error can be found in the error report /Users/ramytanios/repos/fs2-live-server/.metals/.reports/metals-full/2023-09-12/r_compiler-error_23-46-09-061
java.lang.AssertionError: assertion failed: `wildApprox` failed to remove uninstantiated F while typechecking /Users/ramytanios/repos/fs2-live-server/live-server.scala
Sept 12, 2023 11:46:09 PM scala.meta.internal.pc.CompilerAccess handleError
SEVERE: A severe compiler error occurred, full details of the error can be found in the error report /Users/ramytanios/repos/fs2-live-server/.metals/.reports/metals-full/2023-09-12/r_compiler-error_23-46-09-143
2023.09.12 23:46:09 WARN  Could not find semantic tokens for: file:///Users/ramytanios/repos/fs2-live-server/live-server.scala[0m
java.lang.AssertionError: assertion failed: `wildApprox` failed to remove uninstantiated F while typechecking /Users/ramytanios/repos/fs2-live-server/live-server.scala
Sept 12, 2023 11:46:09 PM scala.meta.internal.pc.CompilerAccess handleError
SEVERE: A severe compiler error occurred, full details of the error can be found in the error report /Users/ramytanios/repos/fs2-live-server/.metals/.reports/metals-full/2023-09-12/r_compiler-error_23-46-09-243
java.lang.AssertionError: assertion failed: `wildApprox` failed to remove uninstantiated F while typechecking /Users/ramytanios/repos/fs2-live-server/live-server.scala
Sept 12, 2023 11:46:09 PM scala.meta.internal.pc.CompilerAccess handleError
SEVERE: A severe compiler error occurred, full details of the error can be found in the error report /Users/ramytanios/repos/fs2-live-server/.metals/.reports/metals-full/2023-09-12/r_compiler-error_23-46-09-320
java.lang.AssertionError: assertion failed: `wildApprox` failed to remove uninstantiated F while typechecking /Users/ramytanios/repos/fs2-live-server/live-server.scala
Sept 12, 2023 11:46:09 PM scala.meta.internal.pc.CompilerAccess handleError
SEVERE: A severe compiler error occurred, full details of the error can be found in the error report /Users/ramytanios/repos/fs2-live-server/.metals/.reports/metals-full/2023-09-12/r_compiler-error_23-46-09-423
java.lang.AssertionError: assertion failed: `wildApprox` failed to remove uninstantiated F while typechecking /Users/ramytanios/repos/fs2-live-server/live-server.scala
Sept 12, 2023 11:46:09 PM scala.meta.internal.pc.CompilerAccess handleError
SEVERE: A severe compiler error occurred, full details of the error can be found in the error report /Users/ramytanios/repos/fs2-live-server/.metals/.reports/metals-full/2023-09-12/r_compiler-error_23-46-09-516
java.lang.AssertionError: assertion failed: `wildApprox` failed to remove uninstantiated F while typechecking /Users/ramytanios/repos/fs2-live-server/live-server.scala
Sept 12, 2023 11:46:09 PM scala.meta.internal.pc.CompilerAccess handleError
SEVERE: A severe compiler error occurred, full details of the error can be found in the error report /Users/ramytanios/repos/fs2-live-server/.metals/.reports/metals-full/2023-09-12/r_compiler-error_23-46-09-628
2023.09.12 23:46:08 WARN  Could not find semantic tokens for: file:///Users/ramytanios/repos/fs2-live-server/live-server.scala[0m
java.lang.AssertionError: assertion failed: `wildApprox` failed to remove uninstantiated F while typechecking /Users/ramytanios/repos/fs2-live-server/live-server.scala
Sept 12, 2023 11:46:09 PM scala.meta.internal.pc.CompilerAccess handleError
SEVERE: A severe compiler error occurred, full details of the error can be found in the error report /Users/ramytanios/repos/fs2-live-server/.metals/.reports/metals-full/2023-09-12/r_compiler-error_23-46-09-716
java.lang.AssertionError: assertion failed: `wildApprox` failed to remove uninstantiated F while typechecking /Users/ramytanios/repos/fs2-live-server/live-server.scala
Sept 12, 2023 11:46:09 PM scala.meta.internal.pc.CompilerAccess handleError
SEVERE: A severe compiler error occurred, full details of the error can be found in the error report /Users/ramytanios/repos/fs2-live-server/.metals/.reports/metals-full/2023-09-12/r_compiler-error_23-46-09-794
java.lang.AssertionError: assertion failed: `wildApprox` failed to remove uninstantiated F while typechecking /Users/ramytanios/repos/fs2-live-server/live-server.scala
Sept 12, 2023 11:46:09 PM scala.meta.internal.pc.CompilerAccess handleError
SEVERE: A severe compiler error occurred, full details of the error can be found in the error report /Users/ramytanios/repos/fs2-live-server/.metals/.reports/metals-full/2023-09-12/r_compiler-error_23-46-09-907
java.lang.AssertionError: assertion failed: `wildApprox` failed to remove uninstantiated F while typechecking /Users/ramytanios/repos/fs2-live-server/live-server.scala
Sept 12, 2023 11:46:09 PM scala.meta.internal.pc.CompilerAccess handleError
SEVERE: A severe compiler error occurred, full details of the error can be found in the error report /Users/ramytanios/repos/fs2-live-server/.metals/.reports/metals-full/2023-09-12/r_compiler-error_23-46-09-984
2023.09.12 23:46:09 WARN  Could not find semantic tokens for: file:///Users/ramytanios/repos/fs2-live-server/live-server.scala[0m
java.lang.AssertionError: assertion failed: `wildApprox` failed to remove uninstantiated F while typechecking /Users/ramytanios/repos/fs2-live-server/live-server.scala
Sept 12, 2023 11:46:10 PM scala.meta.internal.pc.CompilerAccess handleError
SEVERE: A severe compiler error occurred, full details of the error can be found in the error report /Users/ramytanios/repos/fs2-live-server/.metals/.reports/metals-full/2023-09-12/r_compiler-error_23-46-10-063
java.lang.AssertionError: assertion failed: `wildApprox` failed to remove uninstantiated F while typechecking /Users/ramytanios/repos/fs2-live-server/live-server.scala
Sept 12, 2023 11:46:10 PM scala.meta.internal.pc.CompilerAccess handleError
SEVERE: A severe compiler error occurred, full details of the error can be found in the error report /Users/ramytanios/repos/fs2-live-server/.metals/.reports/metals-full/2023-09-12/r_compiler-error_23-46-10-149
java.lang.AssertionError: assertion failed: `wildApprox` failed to remove uninstantiated F while typechecking /Users/ramytanios/repos/fs2-live-server/live-server.scala
Sept 12, 2023 11:46:10 PM scala.meta.internal.pc.CompilerAccess handleError
SEVERE: A severe compiler error occurred, full details of the error can be found in the error report /Users/ramytanios/repos/fs2-live-server/.metals/.reports/metals-full/2023-09-12/r_compiler-error_23-46-10-246
java.lang.AssertionError: assertion failed: `wildApprox` failed to remove uninstantiated F while typechecking /Users/ramytanios/repos/fs2-live-server/live-server.scala
Sept 12, 2023 11:46:10 PM scala.meta.internal.pc.CompilerAccess handleError
SEVERE: A severe compiler error occurred, full details of the error can be found in the error report /Users/ramytanios/repos/fs2-live-server/.metals/.reports/metals-full/2023-09-12/r_compiler-error_23-46-10-321
java.lang.AssertionError: assertion failed: `wildApprox` failed to remove uninstantiated F while typechecking /Users/ramytanios/repos/fs2-live-server/live-server.scala
Sept 12, 2023 11:46:10 PM scala.meta.internal.pc.CompilerAccess handleError
SEVERE: A severe compiler error occurred, full details of the error can be found in the error report /Users/ramytanios/repos/fs2-live-server/.metals/.reports/metals-full/2023-09-12/r_compiler-error_23-46-10-441
java.lang.AssertionError: assertion failed: `wildApprox` failed to remove uninstantiated F while typechecking /Users/ramytanios/repos/fs2-live-server/live-server.scala
Sept 12, 2023 11:46:10 PM scala.meta.internal.pc.CompilerAccess handleError
SEVERE: A severe compiler error occurred, full details of the error can be found in the error report /Users/ramytanios/repos/fs2-live-server/.metals/.reports/metals-full/2023-09-12/r_compiler-error_23-46-10-513
2023.09.12 23:46:10 WARN  Could not find semantic tokens for: file:///Users/ramytanios/repos/fs2-live-server/live-server.scala[0m
java.lang.AssertionError: assertion failed: `wildApprox` failed to remove uninstantiated F while typechecking /Users/ramytanios/repos/fs2-live-server/live-server.scala
Sept 12, 2023 11:46:10 PM scala.meta.internal.pc.CompilerAccess handleError
SEVERE: A severe compiler error occurred, full details of the error can be found in the error report /Users/ramytanios/repos/fs2-live-server/.metals/.reports/metals-full/2023-09-12/r_compiler-error_23-46-10-928
2023.09.12 23:46:10 WARN  Could not find semantic tokens for: file:///Users/ramytanios/repos/fs2-live-server/live-server.scala[0m
2023.09.12 23:46:11 INFO  compiling fs2-live-server_bd2c96d2de-6217c8cc6d (1 scala source)[0m
2023.09.12 23:46:11 INFO  assertion failure for fs2.io.file.Files[F] <:< ?{ readAll: [applied to (fs2.io.file.Path([32m"injected.html"[0m)) returning ?{ through
  : [applied to (fs2.text.utf8Decode) returning ?{ compile: ?{ lastOrError: ?{
  flatMap: [applied to (
  injected =>
    StaticFile.fromPath(Path(entryFile.getOrElse([32m"."[0m))).getOrElseF(NotFound()).
      flatMap(
      index0 =>
        F.fromOption(
          [33mfor [0mhtmlBody0 <- index0.split([32m"<html>"[0m).lastOption;
            htmlBody <- htmlBody0.split([32m"</html>"[0m).lastOption[33m yield [0m
            s"<html>{htmlBody}{injected}</html>",
          [33mnew [0m[35mRuntimeException[0m([32m"Failed to serve index.html"[0m)).flatMap(
          index =>
            index0.flatMap(
              {
                b =>
                  {
                    b.body.replace(index)
                  }
              }
            ).map(route => route)
        )
    )
) returning org.http4s.HttpRoutes[F]] } } }] }] }, frozen = false[0m
2023.09.12 23:46:11 INFO  exception occurred while typechecking /Users/ramytanios/repos/fs2-live-server/live-server.scala[0m
2023.09.12 23:46:11 INFO  exception occurred while compiling /Users/ramytanios/repos/fs2-live-server/live-server.scala[0m
2023.09.12 23:46:11 INFO  time: compiled fs2-live-server_bd2c96d2de-6217c8cc6d in 0.14s[0m
2023.09.12 23:46:11 ERROR Unexpected error when compiling fs2-live-server_bd2c96d2de-6217c8cc6d: 'assertion failed: `wildApprox` failed to remove uninstantiated F'[0m
java.lang.AssertionError: assertion failed: `wildApprox` failed to remove uninstantiated F while typechecking /Users/ramytanios/repos/fs2-live-server/live-server.scala
Sept 12, 2023 11:46:11 PM scala.meta.internal.pc.CompilerAccess handleError
SEVERE: A severe compiler error occurred, full details of the error can be found in the error report /Users/ramytanios/repos/fs2-live-server/.metals/.reports/metals-full/2023-09-12/r_compiler-error_23-46-11-450
2023.09.12 23:46:11 WARN  Could not find semantic tokens for: file:///Users/ramytanios/repos/fs2-live-server/live-server.scala[0m
java.lang.AssertionError: assertion failed: `wildApprox` failed to remove uninstantiated F while typechecking /Users/ramytanios/repos/fs2-live-server/live-server.scala
Sept 12, 2023 11:46:12 PM scala.meta.internal.pc.CompilerAccess handleError
SEVERE: A severe compiler error occurred, full details of the error can be found in the error report /Users/ramytanios/repos/fs2-live-server/.metals/.reports/metals-full/2023-09-12/r_compiler-error_23-46-12-305
java.lang.AssertionError: assertion failed: `wildApprox` failed to remove uninstantiated F while typechecking /Users/ramytanios/repos/fs2-live-server/live-server.scala
Sept 12, 2023 11:46:16 PM scala.meta.internal.pc.CompilerAccess handleError
SEVERE: A severe compiler error occurred, full details of the error can be found in the error report /Users/ramytanios/repos/fs2-live-server/.metals/.reports/metals-full/2023-09-12/r_compiler-error_23-46-16-176
2023.09.12 23:46:16 WARN  Could not find semantic tokens for: file:///Users/ramytanios/repos/fs2-live-server/live-server.scala[0m
java.lang.AssertionError: assertion failed: `wildApprox` failed to remove uninstantiated F while typechecking /Users/ramytanios/repos/fs2-live-server/live-server.scala
Sept 12, 2023 11:46:16 PM scala.meta.internal.pc.CompilerAccess handleError
SEVERE: A severe compiler error occurred, full details of the error can be found in the error report /Users/ramytanios/repos/fs2-live-server/.metals/.reports/metals-full/2023-09-12/r_compiler-error_23-46-16-401
java.lang.AssertionError: assertion failed: `wildApprox` failed to remove uninstantiated F while typechecking /Users/ramytanios/repos/fs2-live-server/live-server.scala
Sept 12, 2023 11:46:16 PM scala.meta.internal.pc.CompilerAccess handleError
SEVERE: A severe compiler error occurred, full details of the error can be found in the error report /Users/ramytanios/repos/fs2-live-server/.metals/.reports/metals-full/2023-09-12/r_compiler-error_23-46-16-563
2023.09.12 23:46:16 WARN  Could not find semantic tokens for: file:///Users/ramytanios/repos/fs2-live-server/live-server.scala[0m
java.lang.AssertionError: assertion failed: `wildApprox` failed to remove uninstantiated F while typechecking /Users/ramytanios/repos/fs2-live-server/live-server.scala
Sept 12, 2023 11:46:16 PM scala.meta.internal.pc.CompilerAccess handleError
SEVERE: A severe compiler error occurred, full details of the error can be found in the error report /Users/ramytanios/repos/fs2-live-server/.metals/.reports/metals-full/2023-09-12/r_compiler-error_23-46-16-634
java.lang.AssertionError: assertion failed: `wildApprox` failed to remove uninstantiated F while typechecking /Users/ramytanios/repos/fs2-live-server/live-server.scala
Sept 12, 2023 11:46:16 PM scala.meta.internal.pc.CompilerAccess handleError
SEVERE: A severe compiler error occurred, full details of the error can be found in the error report /Users/ramytanios/repos/fs2-live-server/.metals/.reports/metals-full/2023-09-12/r_compiler-error_23-46-16-708
java.lang.AssertionError: assertion failed: `wildApprox` failed to remove uninstantiated F while typechecking /Users/ramytanios/repos/fs2-live-server/live-server.scala
Sept 12, 2023 11:46:16 PM scala.meta.internal.pc.CompilerAccess handleError
SEVERE: A severe compiler error occurred, full details of the error can be found in the error report /Users/ramytanios/repos/fs2-live-server/.metals/.reports/metals-full/2023-09-12/r_compiler-error_23-46-16-778
java.lang.AssertionError: assertion failed: `wildApprox` failed to remove uninstantiated F while typechecking /Users/ramytanios/repos/fs2-live-server/live-server.scala
Sept 12, 2023 11:46:16 PM scala.meta.internal.pc.CompilerAccess handleError
SEVERE: A severe compiler error occurred, full details of the error can be found in the error report /Users/ramytanios/repos/fs2-live-server/.metals/.reports/metals-full/2023-09-12/r_compiler-error_23-46-16-887
java.lang.AssertionError: assertion failed: `wildApprox` failed to remove uninstantiated F while typechecking /Users/ramytanios/repos/fs2-live-server/live-server.scala
Sept 12, 2023 11:46:17 PM scala.meta.internal.pc.CompilerAccess handleError
SEVERE: A severe compiler error occurred, full details of the error can be found in the error report /Users/ramytanios/repos/fs2-live-server/.metals/.reports/metals-full/2023-09-12/r_compiler-error_23-46-17-093
2023.09.12 23:46:16 WARN  Could not find semantic tokens for: file:///Users/ramytanios/repos/fs2-live-server/live-server.scala[0m
java.lang.AssertionError: assertion failed: `wildApprox` failed to remove uninstantiated F while typechecking /Users/ramytanios/repos/fs2-live-server/live-server.scala
Sept 12, 2023 11:46:17 PM scala.meta.internal.pc.CompilerAccess handleError
SEVERE: A severe compiler error occurred, full details of the error can be found in the error report /Users/ramytanios/repos/fs2-live-server/.metals/.reports/metals-full/2023-09-12/r_compiler-error_23-46-17-463
java.lang.AssertionError: assertion failed: `wildApprox` failed to remove uninstantiated F while typechecking /Users/ramytanios/repos/fs2-live-server/live-server.scala
Sept 12, 2023 11:46:17 PM scala.meta.internal.pc.CompilerAccess handleError
SEVERE: A severe compiler error occurred, full details of the error can be found in the error report /Users/ramytanios/repos/fs2-live-server/.metals/.reports/metals-full/2023-09-12/r_compiler-error_23-46-17-618
java.lang.AssertionError: assertion failed: `wildApprox` failed to remove uninstantiated F while typechecking /Users/ramytanios/repos/fs2-live-server/live-server.scala
Sept 12, 2023 11:46:18 PM scala.meta.internal.pc.CompilerAccess handleError
SEVERE: A severe compiler error occurred, full details of the error can be found in the error report /Users/ramytanios/repos/fs2-live-server/.metals/.reports/metals-full/2023-09-12/r_compiler-error_23-46-18-820
2023.09.12 23:46:18 WARN  Could not find semantic tokens for: file:///Users/ramytanios/repos/fs2-live-server/live-server.scala[0m
java.lang.AssertionError: assertion failed: `wildApprox` failed to remove uninstantiated F while typechecking /Users/ramytanios/repos/fs2-live-server/live-server.scala
Sept 12, 2023 11:46:18 PM scala.meta.internal.pc.CompilerAccess handleError
SEVERE: A severe compiler error occurred, full details of the error can be found in the error report /Users/ramytanios/repos/fs2-live-server/.metals/.reports/metals-full/2023-09-12/r_compiler-error_23-46-18-975
2023.09.12 23:46:18 WARN  Could not find semantic tokens for: file:///Users/ramytanios/repos/fs2-live-server/live-server.scala[0m
java.lang.AssertionError: assertion failed: `wildApprox` failed to remove uninstantiated F while typechecking /Users/ramytanios/repos/fs2-live-server/live-server.scala
Sept 12, 2023 11:46:21 PM scala.meta.internal.pc.CompilerAccess handleError
SEVERE: A severe compiler error occurred, full details of the error can be found in the error report /Users/ramytanios/repos/fs2-live-server/.metals/.reports/metals-full/2023-09-12/r_compiler-error_23-46-21-318
java.lang.AssertionError: assertion failed: `wildApprox` failed to remove uninstantiated F while typechecking /Users/ramytanios/repos/fs2-live-server/live-server.scala
Sept 12, 2023 11:46:21 PM scala.meta.internal.pc.CompilerAccess handleError
SEVERE: A severe compiler error occurred, full details of the error can be found in the error report /Users/ramytanios/repos/fs2-live-server/.metals/.reports/metals-full/2023-09-12/r_compiler-error_23-46-21-390
java.lang.AssertionError: assertion failed: `wildApprox` failed to remove uninstantiated F while typechecking /Users/ramytanios/repos/fs2-live-server/live-server.scala
Sept 12, 2023 11:46:21 PM scala.meta.internal.pc.CompilerAccess handleError
SEVERE: A severe compiler error occurred, full details of the error can be found in the error report /Users/ramytanios/repos/fs2-live-server/.metals/.reports/metals-full/2023-09-12/r_compiler-error_23-46-21-534
java.lang.AssertionError: assertion failed: `wildApprox` failed to remove uninstantiated F while typechecking /Users/ramytanios/repos/fs2-live-server/live-server.scala
Sept 12, 2023 11:46:21 PM scala.meta.internal.pc.CompilerAccess handleError
SEVERE: A severe compiler error occurred, full details of the error can be found in the error report /Users/ramytanios/repos/fs2-live-server/.metals/.reports/metals-full/2023-09-12/r_compiler-error_23-46-21-631
java.lang.AssertionError: assertion failed: `wildApprox` failed to remove uninstantiated F while typechecking /Users/ramytanios/repos/fs2-live-server/live-server.scala
Sept 12, 2023 11:46:21 PM scala.meta.internal.pc.CompilerAccess handleError
SEVERE: A severe compiler error occurred, full details of the error can be found in the error report /Users/ramytanios/repos/fs2-live-server/.metals/.reports/metals-full/2023-09-12/r_compiler-error_23-46-21-746
java.lang.AssertionError: assertion failed: `wildApprox` failed to remove uninstantiated F while typechecking /Users/ramytanios/repos/fs2-live-server/live-server.scala
Sept 12, 2023 11:46:21 PM scala.meta.internal.pc.CompilerAccess handleError
SEVERE: A severe compiler error occurred, full details of the error can be found in the error report /Users/ramytanios/repos/fs2-live-server/.metals/.reports/metals-full/2023-09-12/r_compiler-error_23-46-21-844
java.lang.AssertionError: assertion failed: `wildApprox` failed to remove uninstantiated F while typechecking /Users/ramytanios/repos/fs2-live-server/live-server.scala
Sept 12, 2023 11:46:21 PM scala.meta.internal.pc.CompilerAccess handleError
SEVERE: A severe compiler error occurred, full details of the error can be found in the error report /Users/ramytanios/repos/fs2-live-server/.metals/.reports/metals-full/2023-09-12/r_compiler-error_23-46-21-994
java.lang.AssertionError: assertion failed: `wildApprox` failed to remove uninstantiated F while typechecking /Users/ramytanios/repos/fs2-live-server/live-server.scala
Sept 12, 2023 11:46:22 PM scala.meta.internal.pc.CompilerAccess handleError
SEVERE: A severe compiler error occurred, full details of the error can be found in the error report /Users/ramytanios/repos/fs2-live-server/.metals/.reports/metals-full/2023-09-12/r_compiler-error_23-46-22-063
java.lang.AssertionError: assertion failed: `wildApprox` failed to remove uninstantiated F while typechecking /Users/ramytanios/repos/fs2-live-server/live-server.scala
Sept 12, 2023 11:46:22 PM scala.meta.internal.pc.CompilerAccess handleError
SEVERE: A severe compiler error occurred, full details of the error can be found in the error report /Users/ramytanios/repos/fs2-live-server/.metals/.reports/metals-full/2023-09-12/r_compiler-error_23-46-22-138
java.lang.AssertionError: assertion failed: `wildApprox` failed to remove uninstantiated F while typechecking /Users/ramytanios/repos/fs2-live-server/live-server.scala
Sept 12, 2023 11:46:22 PM scala.meta.internal.pc.CompilerAccess handleError
SEVERE: A severe compiler error occurred, full details of the error can be found in the error report /Users/ramytanios/repos/fs2-live-server/.metals/.reports/metals-full/2023-09-12/r_compiler-error_23-46-22-253
2023.09.12 23:46:22 INFO  compiling fs2-live-server_bd2c96d2de-6217c8cc6d (1 scala source)[0m
2023.09.12 23:46:22 INFO  time: compiled fs2-live-server_bd2c96d2de-6217c8cc6d in 0.94s[0m
2023.09.12 23:46:34 INFO  compiling fs2-live-server_bd2c96d2de-6217c8cc6d (1 scala source)[0m
2023.09.12 23:46:34 INFO  time: compiled fs2-live-server_bd2c96d2de-6217c8cc6d in 0.55s[0m
